{"C:\\Brennen - stuff\\kutResearch\\combined\\InclusivePairProgrammingTool\\backend\\server\\routes.js": {"path":"C:\\Brennen - stuff\\kutResearch\\combined\\InclusivePairProgrammingTool\\backend\\server\\routes.js","statementMap":{"0":{"start":{"line":3,"column":16},"end":{"line":3,"column":34}},"1":{"start":{"line":4,"column":15},"end":{"line":4,"column":31}},"2":{"start":{"line":6,"column":18},"end":{"line":6,"column":44}},"3":{"start":{"line":7,"column":24},"end":{"line":7,"column":62}},"4":{"start":{"line":8,"column":28},"end":{"line":8,"column":72}},"5":{"start":{"line":12,"column":0},"end":{"line":12,"column":30}},"6":{"start":{"line":13,"column":0},"end":{"line":13,"column":28}},"7":{"start":{"line":14,"column":0},"end":{"line":14,"column":32}},"8":{"start":{"line":17,"column":0},"end":{"line":17,"column":24}}},"fnMap":{},"branchMap":{},"s":{"0":1,"1":1,"2":1,"3":1,"4":1,"5":1,"6":1,"7":1,"8":1},"f":{},"b":{},"_coverageSchema":"1a1c01bbd47fc00a2c39e90264f33305004495a9","hash":"d794b4fcaf718b355519ae4105a220b5fc29da18"}
,"C:\\Brennen - stuff\\kutResearch\\combined\\InclusivePairProgrammingTool\\backend\\server\\server.js": {"path":"C:\\Brennen - stuff\\kutResearch\\combined\\InclusivePairProgrammingTool\\backend\\server\\server.js","statementMap":{"0":{"start":{"line":2,"column":16},"end":{"line":2,"column":34}},"1":{"start":{"line":3,"column":41},"end":{"line":3,"column":56}},"2":{"start":{"line":6,"column":11},"end":{"line":6,"column":26}},"3":{"start":{"line":9,"column":17},"end":{"line":9,"column":39}},"4":{"start":{"line":10,"column":12},"end":{"line":10,"column":21}},"5":{"start":{"line":11,"column":15},"end":{"line":11,"column":42}},"6":{"start":{"line":12,"column":0},"end":{"line":12,"column":27}},"7":{"start":{"line":15,"column":0},"end":{"line":17,"column":1}},"8":{"start":{"line":16,"column":4},"end":{"line":16,"column":32}},"9":{"start":{"line":20,"column":0},"end":{"line":20,"column":16}},"10":{"start":{"line":23,"column":18},"end":{"line":23,"column":44}},"11":{"start":{"line":26,"column":15},"end":{"line":26,"column":37}},"12":{"start":{"line":27,"column":0},"end":{"line":27,"column":16}},"13":{"start":{"line":29,"column":19},"end":{"line":29,"column":61}},"14":{"start":{"line":32,"column":13},"end":{"line":32,"column":17}},"15":{"start":{"line":33,"column":0},"end":{"line":33,"column":73}},"16":{"start":{"line":33,"column":23},"end":{"line":33,"column":71}},"17":{"start":{"line":36,"column":0},"end":{"line":36,"column":21}}},"fnMap":{"0":{"name":"(anonymous_0)","decl":{"start":{"line":33,"column":17},"end":{"line":33,"column":18}},"loc":{"start":{"line":33,"column":23},"end":{"line":33,"column":71}},"line":33}},"branchMap":{"0":{"loc":{"start":{"line":15,"column":0},"end":{"line":17,"column":1}},"type":"if","locations":[{"start":{"line":15,"column":0},"end":{"line":17,"column":1}},{"start":{},"end":{}}],"line":15}},"s":{"0":1,"1":1,"2":1,"3":1,"4":1,"5":1,"6":1,"7":1,"8":0,"9":1,"10":1,"11":1,"12":1,"13":1,"14":1,"15":1,"16":1,"17":1},"f":{"0":1},"b":{"0":[0,1]},"_coverageSchema":"1a1c01bbd47fc00a2c39e90264f33305004495a9","hash":"004affe1c2e821001060de6abe67605b9f60f507"}
,"C:\\Brennen - stuff\\kutResearch\\combined\\InclusivePairProgrammingTool\\backend\\server\\api\\APIRoutes.js": {"path":"C:\\Brennen - stuff\\kutResearch\\combined\\InclusivePairProgrammingTool\\backend\\server\\api\\APIRoutes.js","statementMap":{"0":{"start":{"line":1,"column":16},"end":{"line":1,"column":34}},"1":{"start":{"line":2,"column":18},"end":{"line":2,"column":34}},"2":{"start":{"line":3,"column":0},"end":{"line":3,"column":30}},"3":{"start":{"line":5,"column":16},"end":{"line":5,"column":48}},"4":{"start":{"line":6,"column":13},"end":{"line":6,"column":42}},"5":{"start":{"line":7,"column":18},"end":{"line":7,"column":52}},"6":{"start":{"line":8,"column":15},"end":{"line":8,"column":46}},"7":{"start":{"line":15,"column":0},"end":{"line":58,"column":3}},"8":{"start":{"line":16,"column":20},"end":{"line":16,"column":39}},"9":{"start":{"line":17,"column":20},"end":{"line":17,"column":39}},"10":{"start":{"line":19,"column":20},"end":{"line":22,"column":6}},"11":{"start":{"line":24,"column":18},"end":{"line":31,"column":6}},"12":{"start":{"line":33,"column":18},"end":{"line":40,"column":6}},"13":{"start":{"line":42,"column":4},"end":{"line":57,"column":5}},"14":{"start":{"line":44,"column":31},"end":{"line":44,"column":109}},"15":{"start":{"line":45,"column":31},"end":{"line":45,"column":109}},"16":{"start":{"line":47,"column":8},"end":{"line":54,"column":9}},"17":{"start":{"line":48,"column":12},"end":{"line":48,"column":83}},"18":{"start":{"line":50,"column":12},"end":{"line":50,"column":33}},"19":{"start":{"line":51,"column":12},"end":{"line":51,"column":31}},"20":{"start":{"line":52,"column":12},"end":{"line":52,"column":31}},"21":{"start":{"line":53,"column":12},"end":{"line":53,"column":37}},"22":{"start":{"line":56,"column":8},"end":{"line":56,"column":64}},"23":{"start":{"line":61,"column":0},"end":{"line":87,"column":3}},"24":{"start":{"line":62,"column":22},"end":{"line":67,"column":6}},"25":{"start":{"line":68,"column":4},"end":{"line":86,"column":5}},"26":{"start":{"line":69,"column":28},"end":{"line":69,"column":124}},"27":{"start":{"line":70,"column":8},"end":{"line":72,"column":9}},"28":{"start":{"line":71,"column":12},"end":{"line":71,"column":85}},"29":{"start":{"line":73,"column":21},"end":{"line":73,"column":70}},"30":{"start":{"line":75,"column":32},"end":{"line":75,"column":55}},"31":{"start":{"line":76,"column":8},"end":{"line":78,"column":49}},"32":{"start":{"line":81,"column":8},"end":{"line":81,"column":31}},"33":{"start":{"line":82,"column":8},"end":{"line":82,"column":35}},"34":{"start":{"line":85,"column":8},"end":{"line":85,"column":65}},"35":{"start":{"line":90,"column":0},"end":{"line":110,"column":3}},"36":{"start":{"line":91,"column":19},"end":{"line":97,"column":6}},"37":{"start":{"line":98,"column":4},"end":{"line":109,"column":5}},"38":{"start":{"line":99,"column":28},"end":{"line":99,"column":124}},"39":{"start":{"line":101,"column":8},"end":{"line":103,"column":9}},"40":{"start":{"line":102,"column":12},"end":{"line":102,"column":85}},"41":{"start":{"line":105,"column":8},"end":{"line":105,"column":28}},"42":{"start":{"line":106,"column":8},"end":{"line":106,"column":32}},"43":{"start":{"line":108,"column":8},"end":{"line":108,"column":63}},"44":{"start":{"line":114,"column":0},"end":{"line":127,"column":3}},"45":{"start":{"line":115,"column":19},"end":{"line":115,"column":37}},"46":{"start":{"line":116,"column":4},"end":{"line":126,"column":5}},"47":{"start":{"line":117,"column":21},"end":{"line":117,"column":59}},"48":{"start":{"line":119,"column":8},"end":{"line":121,"column":9}},"49":{"start":{"line":120,"column":12},"end":{"line":120,"column":68}},"50":{"start":{"line":123,"column":8},"end":{"line":123,"column":30}},"51":{"start":{"line":125,"column":8},"end":{"line":125,"column":97}},"52":{"start":{"line":130,"column":0},"end":{"line":143,"column":3}},"53":{"start":{"line":131,"column":19},"end":{"line":131,"column":37}},"54":{"start":{"line":132,"column":4},"end":{"line":142,"column":5}},"55":{"start":{"line":133,"column":23},"end":{"line":133,"column":79}},"56":{"start":{"line":135,"column":8},"end":{"line":137,"column":9}},"57":{"start":{"line":136,"column":12},"end":{"line":136,"column":81}},"58":{"start":{"line":139,"column":8},"end":{"line":139,"column":32}},"59":{"start":{"line":141,"column":8},"end":{"line":141,"column":65}},"60":{"start":{"line":147,"column":0},"end":{"line":154,"column":3}},"61":{"start":{"line":148,"column":4},"end":{"line":153,"column":5}},"62":{"start":{"line":149,"column":8},"end":{"line":149,"column":39}},"63":{"start":{"line":150,"column":8},"end":{"line":150,"column":63}},"64":{"start":{"line":152,"column":8},"end":{"line":152,"column":67}},"65":{"start":{"line":158,"column":0},"end":{"line":175,"column":3}},"66":{"start":{"line":159,"column":19},"end":{"line":159,"column":37}},"67":{"start":{"line":160,"column":21},"end":{"line":160,"column":41}},"68":{"start":{"line":161,"column":4},"end":{"line":174,"column":5}},"69":{"start":{"line":162,"column":21},"end":{"line":162,"column":58}},"70":{"start":{"line":164,"column":8},"end":{"line":166,"column":9}},"71":{"start":{"line":165,"column":12},"end":{"line":165,"column":68}},"72":{"start":{"line":168,"column":8},"end":{"line":170,"column":56}},"73":{"start":{"line":171,"column":8},"end":{"line":171,"column":77}},"74":{"start":{"line":173,"column":7},"end":{"line":173,"column":84}},"75":{"start":{"line":178,"column":0},"end":{"line":207,"column":3}},"76":{"start":{"line":179,"column":19},"end":{"line":179,"column":37}},"77":{"start":{"line":180,"column":22},"end":{"line":180,"column":43}},"78":{"start":{"line":181,"column":4},"end":{"line":206,"column":5}},"79":{"start":{"line":182,"column":29},"end":{"line":182,"column":129}},"80":{"start":{"line":183,"column":29},"end":{"line":183,"column":135}},"81":{"start":{"line":184,"column":34},"end":{"line":184,"column":77}},"82":{"start":{"line":186,"column":8},"end":{"line":188,"column":9}},"83":{"start":{"line":187,"column":12},"end":{"line":187,"column":85}},"84":{"start":{"line":190,"column":32},"end":{"line":190,"column":33}},"85":{"start":{"line":192,"column":8},"end":{"line":201,"column":9}},"86":{"start":{"line":193,"column":26},"end":{"line":193,"column":46}},"87":{"start":{"line":194,"column":24},"end":{"line":194,"column":42}},"88":{"start":{"line":196,"column":34},"end":{"line":196,"column":111}},"89":{"start":{"line":198,"column":12},"end":{"line":200,"column":13}},"90":{"start":{"line":199,"column":16},"end":{"line":199,"column":58}},"91":{"start":{"line":202,"column":8},"end":{"line":202,"column":48}},"92":{"start":{"line":205,"column":8},"end":{"line":205,"column":86}},"93":{"start":{"line":210,"column":0},"end":{"line":227,"column":3}},"94":{"start":{"line":211,"column":19},"end":{"line":211,"column":37}},"95":{"start":{"line":212,"column":22},"end":{"line":212,"column":43}},"96":{"start":{"line":213,"column":4},"end":{"line":226,"column":5}},"97":{"start":{"line":214,"column":21},"end":{"line":214,"column":58}},"98":{"start":{"line":216,"column":8},"end":{"line":218,"column":9}},"99":{"start":{"line":217,"column":12},"end":{"line":217,"column":68}},"100":{"start":{"line":220,"column":8},"end":{"line":222,"column":43}},"101":{"start":{"line":223,"column":8},"end":{"line":223,"column":74}},"102":{"start":{"line":225,"column":7},"end":{"line":225,"column":81}},"103":{"start":{"line":230,"column":0},"end":{"line":230,"column":27}}},"fnMap":{"0":{"name":"(anonymous_0)","decl":{"start":{"line":15,"column":48},"end":{"line":15,"column":49}},"loc":{"start":{"line":15,"column":68},"end":{"line":58,"column":1}},"line":15},"1":{"name":"(anonymous_1)","decl":{"start":{"line":61,"column":30},"end":{"line":61,"column":31}},"loc":{"start":{"line":61,"column":50},"end":{"line":87,"column":1}},"line":61},"2":{"name":"(anonymous_2)","decl":{"start":{"line":90,"column":27},"end":{"line":90,"column":28}},"loc":{"start":{"line":90,"column":47},"end":{"line":110,"column":1}},"line":90},"3":{"name":"(anonymous_3)","decl":{"start":{"line":114,"column":33},"end":{"line":114,"column":34}},"loc":{"start":{"line":114,"column":53},"end":{"line":127,"column":1}},"line":114},"4":{"name":"(anonymous_4)","decl":{"start":{"line":130,"column":35},"end":{"line":130,"column":36}},"loc":{"start":{"line":130,"column":55},"end":{"line":143,"column":1}},"line":130},"5":{"name":"(anonymous_5)","decl":{"start":{"line":147,"column":32},"end":{"line":147,"column":33}},"loc":{"start":{"line":147,"column":52},"end":{"line":154,"column":1}},"line":147},"6":{"name":"(anonymous_6)","decl":{"start":{"line":158,"column":60},"end":{"line":158,"column":61}},"loc":{"start":{"line":158,"column":80},"end":{"line":175,"column":1}},"line":158},"7":{"name":"(anonymous_7)","decl":{"start":{"line":178,"column":64},"end":{"line":178,"column":65}},"loc":{"start":{"line":178,"column":84},"end":{"line":207,"column":1}},"line":178},"8":{"name":"(anonymous_8)","decl":{"start":{"line":210,"column":57},"end":{"line":210,"column":58}},"loc":{"start":{"line":210,"column":77},"end":{"line":227,"column":1}},"line":210}},"branchMap":{"0":{"loc":{"start":{"line":47,"column":8},"end":{"line":54,"column":9}},"type":"if","locations":[{"start":{"line":47,"column":8},"end":{"line":54,"column":9}},{"start":{"line":49,"column":15},"end":{"line":54,"column":9}}],"line":47},"1":{"loc":{"start":{"line":47,"column":12},"end":{"line":47,"column":44}},"type":"binary-expr","locations":[{"start":{"line":47,"column":12},"end":{"line":47,"column":26}},{"start":{"line":47,"column":30},"end":{"line":47,"column":44}}],"line":47},"2":{"loc":{"start":{"line":70,"column":8},"end":{"line":72,"column":9}},"type":"if","locations":[{"start":{"line":70,"column":8},"end":{"line":72,"column":9}},{"start":{},"end":{}}],"line":70},"3":{"loc":{"start":{"line":101,"column":8},"end":{"line":103,"column":9}},"type":"if","locations":[{"start":{"line":101,"column":8},"end":{"line":103,"column":9}},{"start":{},"end":{}}],"line":101},"4":{"loc":{"start":{"line":119,"column":8},"end":{"line":121,"column":9}},"type":"if","locations":[{"start":{"line":119,"column":8},"end":{"line":121,"column":9}},{"start":{},"end":{}}],"line":119},"5":{"loc":{"start":{"line":135,"column":8},"end":{"line":137,"column":9}},"type":"if","locations":[{"start":{"line":135,"column":8},"end":{"line":137,"column":9}},{"start":{},"end":{}}],"line":135},"6":{"loc":{"start":{"line":164,"column":8},"end":{"line":166,"column":9}},"type":"if","locations":[{"start":{"line":164,"column":8},"end":{"line":166,"column":9}},{"start":{},"end":{}}],"line":164},"7":{"loc":{"start":{"line":186,"column":8},"end":{"line":188,"column":9}},"type":"if","locations":[{"start":{"line":186,"column":8},"end":{"line":188,"column":9}},{"start":{},"end":{}}],"line":186},"8":{"loc":{"start":{"line":186,"column":12},"end":{"line":186,"column":42}},"type":"binary-expr","locations":[{"start":{"line":186,"column":12},"end":{"line":186,"column":25}},{"start":{"line":186,"column":29},"end":{"line":186,"column":42}}],"line":186},"9":{"loc":{"start":{"line":198,"column":12},"end":{"line":200,"column":13}},"type":"if","locations":[{"start":{"line":198,"column":12},"end":{"line":200,"column":13}},{"start":{},"end":{}}],"line":198},"10":{"loc":{"start":{"line":216,"column":8},"end":{"line":218,"column":9}},"type":"if","locations":[{"start":{"line":216,"column":8},"end":{"line":218,"column":9}},{"start":{},"end":{}}],"line":216}},"s":{"0":1,"1":1,"2":1,"3":1,"4":1,"5":1,"6":1,"7":1,"8":18,"9":18,"10":18,"11":18,"12":18,"13":18,"14":18,"15":18,"16":18,"17":2,"18":16,"19":16,"20":16,"21":16,"22":0,"23":1,"24":11,"25":11,"26":11,"27":11,"28":1,"29":10,"30":10,"31":10,"32":10,"33":10,"34":0,"35":1,"36":4,"37":4,"38":4,"39":4,"40":1,"41":3,"42":3,"43":0,"44":1,"45":6,"46":6,"47":6,"48":6,"49":0,"50":6,"51":0,"52":1,"53":2,"54":2,"55":2,"56":2,"57":1,"58":1,"59":0,"60":1,"61":0,"62":0,"63":0,"64":0,"65":1,"66":3,"67":3,"68":3,"69":3,"70":3,"71":1,"72":2,"73":2,"74":0,"75":1,"76":4,"77":4,"78":4,"79":4,"80":4,"81":4,"82":4,"83":2,"84":2,"85":2,"86":7,"87":7,"88":7,"89":7,"90":7,"91":2,"92":0,"93":1,"94":2,"95":2,"96":2,"97":2,"98":2,"99":1,"100":1,"101":1,"102":0,"103":1},"f":{"0":18,"1":11,"2":4,"3":6,"4":2,"5":0,"6":3,"7":4,"8":2},"b":{"0":[2,16],"1":[18,16],"2":[1,10],"3":[1,3],"4":[0,6],"5":[1,1],"6":[1,2],"7":[2,2],"8":[4,3],"9":[7,0],"10":[1,1]},"_coverageSchema":"1a1c01bbd47fc00a2c39e90264f33305004495a9","hash":"c08512d84eb494094e5979a1075ce97044a95878"}
,"C:\\Brennen - stuff\\kutResearch\\combined\\InclusivePairProgrammingTool\\backend\\server\\api\\data\\models\\Report.js": {"path":"C:\\Brennen - stuff\\kutResearch\\combined\\InclusivePairProgrammingTool\\backend\\server\\api\\data\\models\\Report.js","statementMap":{"0":{"start":{"line":1,"column":17},"end":{"line":1,"column":36}},"1":{"start":{"line":2,"column":19},"end":{"line":2,"column":27}},"2":{"start":{"line":4,"column":21},"end":{"line":10,"column":2}},"3":{"start":{"line":12,"column":0},"end":{"line":12,"column":56}}},"fnMap":{},"branchMap":{},"s":{"0":1,"1":1,"2":1,"3":1},"f":{},"b":{},"_coverageSchema":"1a1c01bbd47fc00a2c39e90264f33305004495a9","hash":"8466cc5187fe442f464c3cb09345db296a550753"}
,"C:\\Brennen - stuff\\kutResearch\\combined\\InclusivePairProgrammingTool\\backend\\server\\api\\data\\models\\Session.js": {"path":"C:\\Brennen - stuff\\kutResearch\\combined\\InclusivePairProgrammingTool\\backend\\server\\api\\data\\models\\Session.js","statementMap":{"0":{"start":{"line":1,"column":17},"end":{"line":1,"column":36}},"1":{"start":{"line":2,"column":19},"end":{"line":2,"column":27}},"2":{"start":{"line":4,"column":22},"end":{"line":7,"column":2}},"3":{"start":{"line":9,"column":0},"end":{"line":9,"column":58}}},"fnMap":{},"branchMap":{},"s":{"0":1,"1":1,"2":1,"3":1},"f":{},"b":{},"_coverageSchema":"1a1c01bbd47fc00a2c39e90264f33305004495a9","hash":"b078a6b4d2e7760cac4f3e68d2ab3aa80ebc1f14"}
,"C:\\Brennen - stuff\\kutResearch\\combined\\InclusivePairProgrammingTool\\backend\\server\\api\\data\\models\\User.js": {"path":"C:\\Brennen - stuff\\kutResearch\\combined\\InclusivePairProgrammingTool\\backend\\server\\api\\data\\models\\User.js","statementMap":{"0":{"start":{"line":1,"column":17},"end":{"line":1,"column":36}},"1":{"start":{"line":2,"column":19},"end":{"line":2,"column":27}},"2":{"start":{"line":4,"column":19},"end":{"line":11,"column":2}},"3":{"start":{"line":13,"column":0},"end":{"line":13,"column":52}}},"fnMap":{},"branchMap":{},"s":{"0":1,"1":1,"2":1,"3":1},"f":{},"b":{},"_coverageSchema":"1a1c01bbd47fc00a2c39e90264f33305004495a9","hash":"ac9b4d1d02bbebe950cf1dc9ce58ae7a1141fd6d"}
,"C:\\Brennen - stuff\\kutResearch\\combined\\InclusivePairProgrammingTool\\backend\\server\\api\\data\\models\\Utterance.js": {"path":"C:\\Brennen - stuff\\kutResearch\\combined\\InclusivePairProgrammingTool\\backend\\server\\api\\data\\models\\Utterance.js","statementMap":{"0":{"start":{"line":1,"column":17},"end":{"line":1,"column":36}},"1":{"start":{"line":2,"column":19},"end":{"line":2,"column":27}},"2":{"start":{"line":4,"column":24},"end":{"line":9,"column":2}},"3":{"start":{"line":11,"column":0},"end":{"line":11,"column":62}}},"fnMap":{},"branchMap":{},"s":{"0":1,"1":1,"2":1,"3":1},"f":{},"b":{},"_coverageSchema":"1a1c01bbd47fc00a2c39e90264f33305004495a9","hash":"64b31cb88d18da62a068d6ca838e8886ccfc1f59"}
,"C:\\Brennen - stuff\\kutResearch\\combined\\InclusivePairProgrammingTool\\backend\\server\\recognitionModels\\transcription.js": {"path":"C:\\Brennen - stuff\\kutResearch\\combined\\InclusivePairProgrammingTool\\backend\\server\\recognitionModels\\transcription.js","statementMap":{"0":{"start":{"line":1,"column":15},"end":{"line":1,"column":32}},"1":{"start":{"line":2,"column":0},"end":{"line":2,"column":15}},"2":{"start":{"line":4,"column":16},"end":{"line":4,"column":34}},"3":{"start":{"line":6,"column":24},"end":{"line":6,"column":40}},"4":{"start":{"line":8,"column":14},"end":{"line":8,"column":30}},"5":{"start":{"line":15,"column":0},"end":{"line":153,"column":3}},"6":{"start":{"line":20,"column":25},"end":{"line":25,"column":3}},"7":{"start":{"line":126,"column":2},"end":{"line":148,"column":5}},"8":{"start":{"line":127,"column":4},"end":{"line":146,"column":5}},"9":{"start":{"line":128,"column":6},"end":{"line":128,"column":41}},"10":{"start":{"line":131,"column":8},"end":{"line":131,"column":37}},"11":{"start":{"line":133,"column":9},"end":{"line":133,"column":30}},"12":{"start":{"line":143,"column":8},"end":{"line":143,"column":65}},"13":{"start":{"line":147,"column":4},"end":{"line":147,"column":45}},"14":{"start":{"line":150,"column":2},"end":{"line":152,"column":5}},"15":{"start":{"line":151,"column":4},"end":{"line":151,"column":42}},"16":{"start":{"line":155,"column":0},"end":{"line":155,"column":33}}},"fnMap":{"0":{"name":"(anonymous_0)","decl":{"start":{"line":15,"column":29},"end":{"line":15,"column":30}},"loc":{"start":{"line":15,"column":42},"end":{"line":153,"column":1}},"line":15},"1":{"name":"(anonymous_1)","decl":{"start":{"line":126,"column":19},"end":{"line":126,"column":20}},"loc":{"start":{"line":126,"column":32},"end":{"line":148,"column":3}},"line":126},"2":{"name":"(anonymous_2)","decl":{"start":{"line":150,"column":17},"end":{"line":150,"column":18}},"loc":{"start":{"line":150,"column":23},"end":{"line":152,"column":3}},"line":150}},"branchMap":{"0":{"loc":{"start":{"line":127,"column":4},"end":{"line":146,"column":5}},"type":"if","locations":[{"start":{"line":127,"column":4},"end":{"line":146,"column":5}},{"start":{"line":129,"column":11},"end":{"line":146,"column":5}}],"line":127}},"s":{"0":1,"1":1,"2":1,"3":1,"4":1,"5":1,"6":0,"7":0,"8":0,"9":0,"10":0,"11":0,"12":0,"13":0,"14":0,"15":0,"16":1},"f":{"0":0,"1":0,"2":0},"b":{"0":[0,0]},"_coverageSchema":"1a1c01bbd47fc00a2c39e90264f33305004495a9","hash":"e3087a736b5c30fa6972816a347f287593cd4b70"}
,"C:\\Brennen - stuff\\kutResearch\\combined\\InclusivePairProgrammingTool\\backend\\server\\websocket\\WebSocketRoutes.js": {"path":"C:\\Brennen - stuff\\kutResearch\\combined\\InclusivePairProgrammingTool\\backend\\server\\websocket\\WebSocketRoutes.js","statementMap":{"0":{"start":{"line":1,"column":16},"end":{"line":1,"column":34}},"1":{"start":{"line":2,"column":14},"end":{"line":2,"column":30}},"2":{"start":{"line":3,"column":24},"end":{"line":3,"column":40}},"3":{"start":{"line":5,"column":14},"end":{"line":5,"column":16}},"4":{"start":{"line":6,"column":16},"end":{"line":6,"column":18}},"5":{"start":{"line":7,"column":15},"end":{"line":7,"column":17}},"6":{"start":{"line":8,"column":18},"end":{"line":8,"column":20}},"7":{"start":{"line":9,"column":19},"end":{"line":9,"column":21}},"8":{"start":{"line":10,"column":21},"end":{"line":10,"column":23}},"9":{"start":{"line":11,"column":27},"end":{"line":11,"column":29}},"10":{"start":{"line":12,"column":20},"end":{"line":12,"column":22}},"11":{"start":{"line":17,"column":0},"end":{"line":113,"column":2}},"12":{"start":{"line":18,"column":2},"end":{"line":18,"column":36}},"13":{"start":{"line":19,"column":2},"end":{"line":112,"column":5}},"14":{"start":{"line":20,"column":20},"end":{"line":20,"column":35}},"15":{"start":{"line":21,"column":4},"end":{"line":111,"column":5}},"16":{"start":{"line":23,"column":8},"end":{"line":23,"column":34}},"17":{"start":{"line":24,"column":8},"end":{"line":24,"column":14}},"18":{"start":{"line":26,"column":26},"end":{"line":26,"column":37}},"19":{"start":{"line":27,"column":8},"end":{"line":31,"column":9}},"20":{"start":{"line":28,"column":10},"end":{"line":28,"column":51}},"21":{"start":{"line":29,"column":15},"end":{"line":31,"column":9}},"22":{"start":{"line":30,"column":10},"end":{"line":30,"column":52}},"23":{"start":{"line":32,"column":8},"end":{"line":34,"column":9}},"24":{"start":{"line":33,"column":10},"end":{"line":33,"column":41}},"25":{"start":{"line":35,"column":8},"end":{"line":35,"column":66}},"26":{"start":{"line":36,"column":8},"end":{"line":47,"column":9}},"27":{"start":{"line":37,"column":10},"end":{"line":37,"column":48}},"28":{"start":{"line":38,"column":10},"end":{"line":38,"column":79}},"29":{"start":{"line":39,"column":10},"end":{"line":42,"column":11}},"30":{"start":{"line":40,"column":28},"end":{"line":40,"column":65}},"31":{"start":{"line":41,"column":12},"end":{"line":41,"column":69}},"32":{"start":{"line":43,"column":15},"end":{"line":47,"column":9}},"33":{"start":{"line":44,"column":26},"end":{"line":44,"column":63}},"34":{"start":{"line":45,"column":10},"end":{"line":45,"column":79}},"35":{"start":{"line":46,"column":10},"end":{"line":46,"column":100}},"36":{"start":{"line":48,"column":8},"end":{"line":48,"column":14}},"37":{"start":{"line":50,"column":8},"end":{"line":50,"column":46}},"38":{"start":{"line":51,"column":8},"end":{"line":51,"column":14}},"39":{"start":{"line":53,"column":8},"end":{"line":53,"column":46}},"40":{"start":{"line":55,"column":8},"end":{"line":59,"column":9}},"41":{"start":{"line":56,"column":10},"end":{"line":58,"column":12}},"42":{"start":{"line":57,"column":12},"end":{"line":57,"column":46}},"43":{"start":{"line":61,"column":8},"end":{"line":65,"column":9}},"44":{"start":{"line":62,"column":10},"end":{"line":64,"column":12}},"45":{"start":{"line":63,"column":12},"end":{"line":63,"column":46}},"46":{"start":{"line":67,"column":8},"end":{"line":67,"column":66}},"47":{"start":{"line":68,"column":8},"end":{"line":68,"column":58}},"48":{"start":{"line":69,"column":8},"end":{"line":73,"column":9}},"49":{"start":{"line":70,"column":10},"end":{"line":72,"column":12}},"50":{"start":{"line":71,"column":12},"end":{"line":71,"column":95}},"51":{"start":{"line":76,"column":8},"end":{"line":80,"column":9}},"52":{"start":{"line":77,"column":10},"end":{"line":79,"column":12}},"53":{"start":{"line":78,"column":12},"end":{"line":78,"column":95}},"54":{"start":{"line":81,"column":8},"end":{"line":81,"column":14}},"55":{"start":{"line":83,"column":24},"end":{"line":83,"column":37}},"56":{"start":{"line":84,"column":17},"end":{"line":84,"column":27}},"57":{"start":{"line":85,"column":8},"end":{"line":87,"column":10}},"58":{"start":{"line":86,"column":10},"end":{"line":86,"column":27}},"59":{"start":{"line":88,"column":8},"end":{"line":88,"column":14}},"60":{"start":{"line":90,"column":18},"end":{"line":90,"column":29}},"61":{"start":{"line":91,"column":17},"end":{"line":91,"column":27}},"62":{"start":{"line":92,"column":8},"end":{"line":94,"column":10}},"63":{"start":{"line":93,"column":10},"end":{"line":93,"column":43}},"64":{"start":{"line":96,"column":8},"end":{"line":98,"column":9}},"65":{"start":{"line":97,"column":10},"end":{"line":97,"column":49}},"66":{"start":{"line":99,"column":8},"end":{"line":99,"column":34}},"67":{"start":{"line":100,"column":8},"end":{"line":100,"column":29}},"68":{"start":{"line":101,"column":8},"end":{"line":101,"column":28}},"69":{"start":{"line":102,"column":8},"end":{"line":102,"column":31}},"70":{"start":{"line":104,"column":8},"end":{"line":106,"column":9}},"71":{"start":{"line":105,"column":10},"end":{"line":105,"column":60}},"72":{"start":{"line":107,"column":8},"end":{"line":107,"column":35}},"73":{"start":{"line":108,"column":8},"end":{"line":108,"column":41}},"74":{"start":{"line":110,"column":8},"end":{"line":110,"column":14}},"75":{"start":{"line":115,"column":0},"end":{"line":228,"column":3}},"76":{"start":{"line":116,"column":2},"end":{"line":116,"column":36}},"77":{"start":{"line":117,"column":2},"end":{"line":220,"column":5}},"78":{"start":{"line":118,"column":20},"end":{"line":118,"column":35}},"79":{"start":{"line":119,"column":4},"end":{"line":219,"column":5}},"80":{"start":{"line":121,"column":8},"end":{"line":121,"column":34}},"81":{"start":{"line":122,"column":8},"end":{"line":122,"column":14}},"82":{"start":{"line":124,"column":8},"end":{"line":124,"column":41}},"83":{"start":{"line":125,"column":17},"end":{"line":125,"column":27}},"84":{"start":{"line":126,"column":18},"end":{"line":126,"column":29}},"85":{"start":{"line":127,"column":8},"end":{"line":129,"column":9}},"86":{"start":{"line":128,"column":10},"end":{"line":128,"column":33}},"87":{"start":{"line":131,"column":8},"end":{"line":146,"column":9}},"88":{"start":{"line":132,"column":10},"end":{"line":132,"column":73}},"89":{"start":{"line":134,"column":10},"end":{"line":134,"column":27}},"90":{"start":{"line":135,"column":10},"end":{"line":135,"column":35}},"91":{"start":{"line":136,"column":10},"end":{"line":136,"column":30}},"92":{"start":{"line":137,"column":10},"end":{"line":137,"column":57}},"93":{"start":{"line":139,"column":32},"end":{"line":139,"column":99}},"94":{"start":{"line":139,"column":72},"end":{"line":139,"column":98}},"95":{"start":{"line":140,"column":10},"end":{"line":145,"column":11}},"96":{"start":{"line":141,"column":12},"end":{"line":143,"column":14}},"97":{"start":{"line":142,"column":14},"end":{"line":142,"column":57}},"98":{"start":{"line":148,"column":8},"end":{"line":148,"column":14}},"99":{"start":{"line":150,"column":8},"end":{"line":150,"column":99}},"100":{"start":{"line":152,"column":22},"end":{"line":152,"column":52}},"101":{"start":{"line":154,"column":8},"end":{"line":178,"column":9}},"102":{"start":{"line":155,"column":10},"end":{"line":155,"column":68}},"103":{"start":{"line":159,"column":10},"end":{"line":174,"column":11}},"104":{"start":{"line":160,"column":12},"end":{"line":167,"column":14}},"105":{"start":{"line":161,"column":14},"end":{"line":161,"column":72}},"106":{"start":{"line":162,"column":14},"end":{"line":166,"column":15}},"107":{"start":{"line":163,"column":16},"end":{"line":165,"column":18}},"108":{"start":{"line":164,"column":18},"end":{"line":164,"column":77}},"109":{"start":{"line":168,"column":28},"end":{"line":168,"column":39}},"110":{"start":{"line":169,"column":12},"end":{"line":173,"column":13}},"111":{"start":{"line":170,"column":14},"end":{"line":172,"column":16}},"112":{"start":{"line":171,"column":16},"end":{"line":171,"column":73}},"113":{"start":{"line":177,"column":10},"end":{"line":177,"column":69}},"114":{"start":{"line":180,"column":8},"end":{"line":180,"column":14}},"115":{"start":{"line":183,"column":10},"end":{"line":187,"column":11}},"116":{"start":{"line":184,"column":12},"end":{"line":186,"column":15}},"117":{"start":{"line":185,"column":14},"end":{"line":185,"column":48}},"118":{"start":{"line":189,"column":10},"end":{"line":189,"column":47}},"119":{"start":{"line":190,"column":10},"end":{"line":194,"column":11}},"120":{"start":{"line":191,"column":12},"end":{"line":193,"column":14}},"121":{"start":{"line":192,"column":14},"end":{"line":192,"column":97}},"122":{"start":{"line":196,"column":10},"end":{"line":196,"column":68}},"123":{"start":{"line":197,"column":10},"end":{"line":201,"column":11}},"124":{"start":{"line":198,"column":12},"end":{"line":200,"column":14}},"125":{"start":{"line":199,"column":14},"end":{"line":199,"column":97}},"126":{"start":{"line":202,"column":8},"end":{"line":202,"column":14}},"127":{"start":{"line":204,"column":8},"end":{"line":204,"column":46}},"128":{"start":{"line":205,"column":8},"end":{"line":205,"column":14}},"129":{"start":{"line":207,"column":26},"end":{"line":207,"column":37}},"130":{"start":{"line":208,"column":8},"end":{"line":210,"column":9}},"131":{"start":{"line":209,"column":10},"end":{"line":209,"column":51}},"132":{"start":{"line":211,"column":8},"end":{"line":213,"column":9}},"133":{"start":{"line":212,"column":10},"end":{"line":212,"column":40}},"134":{"start":{"line":214,"column":8},"end":{"line":214,"column":66}},"135":{"start":{"line":215,"column":8},"end":{"line":217,"column":9}},"136":{"start":{"line":216,"column":10},"end":{"line":216,"column":79}},"137":{"start":{"line":218,"column":8},"end":{"line":218,"column":14}},"138":{"start":{"line":223,"column":2},"end":{"line":226,"column":5}},"139":{"start":{"line":225,"column":4},"end":{"line":225,"column":33}},"140":{"start":{"line":232,"column":2},"end":{"line":232,"column":32}},"141":{"start":{"line":236,"column":18},"end":{"line":236,"column":22}},"142":{"start":{"line":237,"column":12},"end":{"line":237,"column":14}},"143":{"start":{"line":238,"column":2},"end":{"line":250,"column":3}},"144":{"start":{"line":239,"column":4},"end":{"line":239,"column":52}},"145":{"start":{"line":240,"column":4},"end":{"line":240,"column":30}},"146":{"start":{"line":241,"column":4},"end":{"line":241,"column":22}},"147":{"start":{"line":242,"column":9},"end":{"line":250,"column":3}},"148":{"start":{"line":243,"column":4},"end":{"line":243,"column":57}},"149":{"start":{"line":244,"column":4},"end":{"line":244,"column":30}},"150":{"start":{"line":245,"column":4},"end":{"line":245,"column":22}},"151":{"start":{"line":247,"column":4},"end":{"line":247,"column":20}},"152":{"start":{"line":248,"column":4},"end":{"line":248,"column":26}},"153":{"start":{"line":249,"column":4},"end":{"line":249,"column":26}},"154":{"start":{"line":251,"column":2},"end":{"line":251,"column":49}},"155":{"start":{"line":254,"column":0},"end":{"line":254,"column":33}}},"fnMap":{"0":{"name":"(anonymous_0)","decl":{"start":{"line":17,"column":36},"end":{"line":17,"column":37}},"loc":{"start":{"line":17,"column":49},"end":{"line":113,"column":1}},"line":17},"1":{"name":"(anonymous_1)","decl":{"start":{"line":19,"column":19},"end":{"line":19,"column":20}},"loc":{"start":{"line":19,"column":28},"end":{"line":112,"column":3}},"line":19},"2":{"name":"(anonymous_2)","decl":{"start":{"line":56,"column":42},"end":{"line":56,"column":43}},"loc":{"start":{"line":56,"column":50},"end":{"line":58,"column":11}},"line":56},"3":{"name":"(anonymous_3)","decl":{"start":{"line":62,"column":52},"end":{"line":62,"column":53}},"loc":{"start":{"line":62,"column":60},"end":{"line":64,"column":11}},"line":62},"4":{"name":"(anonymous_4)","decl":{"start":{"line":70,"column":72},"end":{"line":70,"column":73}},"loc":{"start":{"line":70,"column":80},"end":{"line":72,"column":11}},"line":70},"5":{"name":"(anonymous_5)","decl":{"start":{"line":77,"column":52},"end":{"line":77,"column":53}},"loc":{"start":{"line":77,"column":60},"end":{"line":79,"column":11}},"line":77},"6":{"name":"(anonymous_6)","decl":{"start":{"line":85,"column":87},"end":{"line":85,"column":88}},"loc":{"start":{"line":85,"column":96},"end":{"line":87,"column":9}},"line":85},"7":{"name":"(anonymous_7)","decl":{"start":{"line":92,"column":42},"end":{"line":92,"column":43}},"loc":{"start":{"line":92,"column":50},"end":{"line":94,"column":9}},"line":92},"8":{"name":"(anonymous_8)","decl":{"start":{"line":115,"column":26},"end":{"line":115,"column":27}},"loc":{"start":{"line":115,"column":39},"end":{"line":228,"column":1}},"line":115},"9":{"name":"(anonymous_9)","decl":{"start":{"line":117,"column":19},"end":{"line":117,"column":20}},"loc":{"start":{"line":117,"column":28},"end":{"line":220,"column":3}},"line":117},"10":{"name":"(anonymous_10)","decl":{"start":{"line":139,"column":65},"end":{"line":139,"column":66}},"loc":{"start":{"line":139,"column":72},"end":{"line":139,"column":98}},"line":139},"11":{"name":"(anonymous_11)","decl":{"start":{"line":141,"column":58},"end":{"line":141,"column":59}},"loc":{"start":{"line":141,"column":66},"end":{"line":143,"column":13}},"line":141},"12":{"name":"(anonymous_12)","decl":{"start":{"line":160,"column":45},"end":{"line":160,"column":46}},"loc":{"start":{"line":160,"column":53},"end":{"line":167,"column":13}},"line":160},"13":{"name":"(anonymous_13)","decl":{"start":{"line":163,"column":69},"end":{"line":163,"column":70}},"loc":{"start":{"line":163,"column":77},"end":{"line":165,"column":17}},"line":163},"14":{"name":"(anonymous_14)","decl":{"start":{"line":170,"column":67},"end":{"line":170,"column":68}},"loc":{"start":{"line":170,"column":75},"end":{"line":172,"column":15}},"line":170},"15":{"name":"(anonymous_15)","decl":{"start":{"line":184,"column":54},"end":{"line":184,"column":55}},"loc":{"start":{"line":184,"column":62},"end":{"line":186,"column":13}},"line":184},"16":{"name":"(anonymous_16)","decl":{"start":{"line":191,"column":54},"end":{"line":191,"column":55}},"loc":{"start":{"line":191,"column":62},"end":{"line":193,"column":13}},"line":191},"17":{"name":"(anonymous_17)","decl":{"start":{"line":198,"column":74},"end":{"line":198,"column":75}},"loc":{"start":{"line":198,"column":82},"end":{"line":200,"column":13}},"line":198},"18":{"name":"(anonymous_18)","decl":{"start":{"line":223,"column":17},"end":{"line":223,"column":18}},"loc":{"start":{"line":223,"column":22},"end":{"line":226,"column":3}},"line":223},"19":{"name":"sendPacket","decl":{"start":{"line":231,"column":9},"end":{"line":231,"column":19}},"loc":{"start":{"line":231,"column":30},"end":{"line":233,"column":1}},"line":231},"20":{"name":"pair","decl":{"start":{"line":235,"column":9},"end":{"line":235,"column":13}},"loc":{"start":{"line":235,"column":26},"end":{"line":252,"column":1}},"line":235}},"branchMap":{"0":{"loc":{"start":{"line":21,"column":4},"end":{"line":111,"column":5}},"type":"switch","locations":[{"start":{"line":22,"column":6},"end":{"line":24,"column":14}},{"start":{"line":25,"column":6},"end":{"line":48,"column":14}},{"start":{"line":49,"column":6},"end":{"line":51,"column":14}},{"start":{"line":52,"column":6},"end":{"line":81,"column":14}},{"start":{"line":82,"column":6},"end":{"line":88,"column":14}},{"start":{"line":89,"column":6},"end":{"line":110,"column":14}}],"line":21},"1":{"loc":{"start":{"line":27,"column":8},"end":{"line":31,"column":9}},"type":"if","locations":[{"start":{"line":27,"column":8},"end":{"line":31,"column":9}},{"start":{"line":29,"column":15},"end":{"line":31,"column":9}}],"line":27},"2":{"loc":{"start":{"line":29,"column":15},"end":{"line":31,"column":9}},"type":"if","locations":[{"start":{"line":29,"column":15},"end":{"line":31,"column":9}},{"start":{},"end":{}}],"line":29},"3":{"loc":{"start":{"line":32,"column":8},"end":{"line":34,"column":9}},"type":"if","locations":[{"start":{"line":32,"column":8},"end":{"line":34,"column":9}},{"start":{},"end":{}}],"line":32},"4":{"loc":{"start":{"line":36,"column":8},"end":{"line":47,"column":9}},"type":"if","locations":[{"start":{"line":36,"column":8},"end":{"line":47,"column":9}},{"start":{"line":43,"column":15},"end":{"line":47,"column":9}}],"line":36},"5":{"loc":{"start":{"line":36,"column":12},"end":{"line":36,"column":96}},"type":"binary-expr","locations":[{"start":{"line":36,"column":12},"end":{"line":36,"column":53}},{"start":{"line":36,"column":57},"end":{"line":36,"column":96}}],"line":36},"6":{"loc":{"start":{"line":39,"column":10},"end":{"line":42,"column":11}},"type":"if","locations":[{"start":{"line":39,"column":10},"end":{"line":42,"column":11}},{"start":{},"end":{}}],"line":39},"7":{"loc":{"start":{"line":43,"column":15},"end":{"line":47,"column":9}},"type":"if","locations":[{"start":{"line":43,"column":15},"end":{"line":47,"column":9}},{"start":{},"end":{}}],"line":43},"8":{"loc":{"start":{"line":43,"column":19},"end":{"line":43,"column":103}},"type":"binary-expr","locations":[{"start":{"line":43,"column":19},"end":{"line":43,"column":60}},{"start":{"line":43,"column":64},"end":{"line":43,"column":103}}],"line":43},"9":{"loc":{"start":{"line":55,"column":8},"end":{"line":59,"column":9}},"type":"if","locations":[{"start":{"line":55,"column":8},"end":{"line":59,"column":9}},{"start":{},"end":{}}],"line":55},"10":{"loc":{"start":{"line":61,"column":8},"end":{"line":65,"column":9}},"type":"if","locations":[{"start":{"line":61,"column":8},"end":{"line":65,"column":9}},{"start":{},"end":{}}],"line":61},"11":{"loc":{"start":{"line":69,"column":8},"end":{"line":73,"column":9}},"type":"if","locations":[{"start":{"line":69,"column":8},"end":{"line":73,"column":9}},{"start":{},"end":{}}],"line":69},"12":{"loc":{"start":{"line":76,"column":8},"end":{"line":80,"column":9}},"type":"if","locations":[{"start":{"line":76,"column":8},"end":{"line":80,"column":9}},{"start":{},"end":{}}],"line":76},"13":{"loc":{"start":{"line":96,"column":8},"end":{"line":98,"column":9}},"type":"if","locations":[{"start":{"line":96,"column":8},"end":{"line":98,"column":9}},{"start":{},"end":{}}],"line":96},"14":{"loc":{"start":{"line":104,"column":8},"end":{"line":106,"column":9}},"type":"if","locations":[{"start":{"line":104,"column":8},"end":{"line":106,"column":9}},{"start":{},"end":{}}],"line":104},"15":{"loc":{"start":{"line":119,"column":4},"end":{"line":219,"column":5}},"type":"switch","locations":[{"start":{"line":120,"column":6},"end":{"line":122,"column":14}},{"start":{"line":123,"column":6},"end":{"line":148,"column":14}},{"start":{"line":149,"column":6},"end":{"line":180,"column":14}},{"start":{"line":181,"column":6},"end":{"line":202,"column":14}},{"start":{"line":203,"column":6},"end":{"line":205,"column":14}},{"start":{"line":206,"column":6},"end":{"line":218,"column":14}}],"line":119},"16":{"loc":{"start":{"line":127,"column":8},"end":{"line":129,"column":9}},"type":"if","locations":[{"start":{"line":127,"column":8},"end":{"line":129,"column":9}},{"start":{},"end":{}}],"line":127},"17":{"loc":{"start":{"line":131,"column":8},"end":{"line":146,"column":9}},"type":"if","locations":[{"start":{"line":131,"column":8},"end":{"line":146,"column":9}},{"start":{"line":133,"column":15},"end":{"line":146,"column":9}}],"line":131},"18":{"loc":{"start":{"line":140,"column":10},"end":{"line":145,"column":11}},"type":"if","locations":[{"start":{"line":140,"column":10},"end":{"line":145,"column":11}},{"start":{},"end":{}}],"line":140},"19":{"loc":{"start":{"line":140,"column":14},"end":{"line":140,"column":98}},"type":"binary-expr","locations":[{"start":{"line":140,"column":14},"end":{"line":140,"column":43}},{"start":{"line":140,"column":47},"end":{"line":140,"column":98}}],"line":140},"20":{"loc":{"start":{"line":154,"column":8},"end":{"line":178,"column":9}},"type":"if","locations":[{"start":{"line":154,"column":8},"end":{"line":178,"column":9}},{"start":{"line":176,"column":15},"end":{"line":178,"column":9}}],"line":154},"21":{"loc":{"start":{"line":159,"column":10},"end":{"line":174,"column":11}},"type":"if","locations":[{"start":{"line":159,"column":10},"end":{"line":174,"column":11}},{"start":{},"end":{}}],"line":159},"22":{"loc":{"start":{"line":162,"column":14},"end":{"line":166,"column":15}},"type":"if","locations":[{"start":{"line":162,"column":14},"end":{"line":166,"column":15}},{"start":{},"end":{}}],"line":162},"23":{"loc":{"start":{"line":169,"column":12},"end":{"line":173,"column":13}},"type":"if","locations":[{"start":{"line":169,"column":12},"end":{"line":173,"column":13}},{"start":{},"end":{}}],"line":169},"24":{"loc":{"start":{"line":183,"column":10},"end":{"line":187,"column":11}},"type":"if","locations":[{"start":{"line":183,"column":10},"end":{"line":187,"column":11}},{"start":{},"end":{}}],"line":183},"25":{"loc":{"start":{"line":190,"column":10},"end":{"line":194,"column":11}},"type":"if","locations":[{"start":{"line":190,"column":10},"end":{"line":194,"column":11}},{"start":{},"end":{}}],"line":190},"26":{"loc":{"start":{"line":197,"column":10},"end":{"line":201,"column":11}},"type":"if","locations":[{"start":{"line":197,"column":10},"end":{"line":201,"column":11}},{"start":{},"end":{}}],"line":197},"27":{"loc":{"start":{"line":208,"column":8},"end":{"line":210,"column":9}},"type":"if","locations":[{"start":{"line":208,"column":8},"end":{"line":210,"column":9}},{"start":{},"end":{}}],"line":208},"28":{"loc":{"start":{"line":211,"column":8},"end":{"line":213,"column":9}},"type":"if","locations":[{"start":{"line":211,"column":8},"end":{"line":213,"column":9}},{"start":{},"end":{}}],"line":211},"29":{"loc":{"start":{"line":215,"column":8},"end":{"line":217,"column":9}},"type":"if","locations":[{"start":{"line":215,"column":8},"end":{"line":217,"column":9}},{"start":{},"end":{}}],"line":215},"30":{"loc":{"start":{"line":238,"column":2},"end":{"line":250,"column":3}},"type":"if","locations":[{"start":{"line":238,"column":2},"end":{"line":250,"column":3}},{"start":{"line":242,"column":9},"end":{"line":250,"column":3}}],"line":238},"31":{"loc":{"start":{"line":238,"column":6},"end":{"line":238,"column":42}},"type":"binary-expr","locations":[{"start":{"line":238,"column":6},"end":{"line":238,"column":22}},{"start":{"line":238,"column":26},"end":{"line":238,"column":42}}],"line":238},"32":{"loc":{"start":{"line":242,"column":9},"end":{"line":250,"column":3}},"type":"if","locations":[{"start":{"line":242,"column":9},"end":{"line":250,"column":3}},{"start":{"line":246,"column":9},"end":{"line":250,"column":3}}],"line":242},"33":{"loc":{"start":{"line":242,"column":13},"end":{"line":242,"column":67}},"type":"binary-expr","locations":[{"start":{"line":242,"column":13},"end":{"line":242,"column":38}},{"start":{"line":242,"column":42},"end":{"line":242,"column":67}}],"line":242}},"s":{"0":1,"1":1,"2":1,"3":1,"4":1,"5":1,"6":1,"7":1,"8":1,"9":1,"10":1,"11":1,"12":0,"13":0,"14":0,"15":0,"16":0,"17":0,"18":0,"19":0,"20":0,"21":0,"22":0,"23":0,"24":0,"25":0,"26":0,"27":0,"28":0,"29":0,"30":0,"31":0,"32":0,"33":0,"34":0,"35":0,"36":0,"37":0,"38":0,"39":0,"40":0,"41":0,"42":0,"43":0,"44":0,"45":0,"46":0,"47":0,"48":0,"49":0,"50":0,"51":0,"52":0,"53":0,"54":0,"55":0,"56":0,"57":0,"58":0,"59":0,"60":0,"61":0,"62":0,"63":0,"64":0,"65":0,"66":0,"67":0,"68":0,"69":0,"70":0,"71":0,"72":0,"73":0,"74":0,"75":1,"76":0,"77":0,"78":0,"79":0,"80":0,"81":0,"82":0,"83":0,"84":0,"85":0,"86":0,"87":0,"88":0,"89":0,"90":0,"91":0,"92":0,"93":0,"94":0,"95":0,"96":0,"97":0,"98":0,"99":0,"100":0,"101":0,"102":0,"103":0,"104":0,"105":0,"106":0,"107":0,"108":0,"109":0,"110":0,"111":0,"112":0,"113":0,"114":0,"115":0,"116":0,"117":0,"118":0,"119":0,"120":0,"121":0,"122":0,"123":0,"124":0,"125":0,"126":0,"127":0,"128":0,"129":0,"130":0,"131":0,"132":0,"133":0,"134":0,"135":0,"136":0,"137":0,"138":0,"139":0,"140":0,"141":0,"142":0,"143":0,"144":0,"145":0,"146":0,"147":0,"148":0,"149":0,"150":0,"151":0,"152":0,"153":0,"154":0,"155":1},"f":{"0":0,"1":0,"2":0,"3":0,"4":0,"5":0,"6":0,"7":0,"8":0,"9":0,"10":0,"11":0,"12":0,"13":0,"14":0,"15":0,"16":0,"17":0,"18":0,"19":0,"20":0},"b":{"0":[0,0,0,0,0,0],"1":[0,0],"2":[0,0],"3":[0,0],"4":[0,0],"5":[0,0],"6":[0,0],"7":[0,0],"8":[0,0],"9":[0,0],"10":[0,0],"11":[0,0],"12":[0,0],"13":[0,0],"14":[0,0],"15":[0,0,0,0,0,0],"16":[0,0],"17":[0,0],"18":[0,0],"19":[0,0],"20":[0,0],"21":[0,0],"22":[0,0],"23":[0,0],"24":[0,0],"25":[0,0],"26":[0,0],"27":[0,0],"28":[0,0],"29":[0,0],"30":[0,0],"31":[0,0],"32":[0,0],"33":[0,0]},"_coverageSchema":"1a1c01bbd47fc00a2c39e90264f33305004495a9","hash":"b57a3284ab8f90a6a8616aec3d824a3580f915c4"}
}
