TN:
SF:routes.js
FNF:0
FNH:0
DA:3,1
DA:4,1
DA:6,1
DA:7,1
DA:8,1
DA:12,1
DA:13,1
DA:14,1
DA:17,1
LF:9
LH:9
BRF:0
BRH:0
end_of_record
TN:
SF:server.js
FN:33,(anonymous_0)
FNF:1
FNH:1
FNDA:1,(anonymous_0)
DA:2,1
DA:3,1
DA:6,1
DA:9,1
DA:10,1
DA:11,1
DA:12,1
DA:15,1
DA:16,0
DA:20,1
DA:23,1
DA:26,1
DA:27,1
DA:29,1
DA:32,1
DA:33,1
DA:36,1
LF:17
LH:16
BRDA:15,0,0,0
BRDA:15,0,1,1
BRF:2
BRH:1
end_of_record
TN:
SF:api\APIRoutes.js
FN:15,(anonymous_0)
FN:61,(anonymous_1)
FN:90,(anonymous_2)
FN:114,(anonymous_3)
FN:130,(anonymous_4)
FN:147,(anonymous_5)
FN:158,(anonymous_6)
FN:178,(anonymous_7)
FN:210,(anonymous_8)
FNF:9
FNH:8
FNDA:18,(anonymous_0)
FNDA:11,(anonymous_1)
FNDA:4,(anonymous_2)
FNDA:6,(anonymous_3)
FNDA:2,(anonymous_4)
FNDA:0,(anonymous_5)
FNDA:3,(anonymous_6)
FNDA:4,(anonymous_7)
FNDA:2,(anonymous_8)
DA:1,1
DA:2,1
DA:3,1
DA:5,1
DA:6,1
DA:7,1
DA:8,1
DA:15,1
DA:16,18
DA:17,18
DA:19,18
DA:24,18
DA:33,18
DA:42,18
DA:44,18
DA:45,18
DA:47,18
DA:48,2
DA:50,16
DA:51,16
DA:52,16
DA:53,16
DA:56,0
DA:61,1
DA:62,11
DA:68,11
DA:69,11
DA:70,11
DA:71,1
DA:73,10
DA:75,10
DA:76,10
DA:81,10
DA:82,10
DA:85,0
DA:90,1
DA:91,4
DA:98,4
DA:99,4
DA:101,4
DA:102,1
DA:105,3
DA:106,3
DA:108,0
DA:114,1
DA:115,6
DA:116,6
DA:117,6
DA:119,6
DA:120,0
DA:123,6
DA:125,0
DA:130,1
DA:131,2
DA:132,2
DA:133,2
DA:135,2
DA:136,1
DA:139,1
DA:141,0
DA:147,1
DA:148,0
DA:149,0
DA:150,0
DA:152,0
DA:158,1
DA:159,3
DA:160,3
DA:161,3
DA:162,3
DA:164,3
DA:165,1
DA:168,2
DA:171,2
DA:173,0
DA:178,1
DA:179,4
DA:180,4
DA:181,4
DA:182,4
DA:183,4
DA:184,4
DA:186,4
DA:187,2
DA:190,2
DA:192,2
DA:193,7
DA:194,7
DA:196,7
DA:198,7
DA:199,7
DA:202,2
DA:205,0
DA:210,1
DA:211,2
DA:212,2
DA:213,2
DA:214,2
DA:216,2
DA:217,1
DA:220,1
DA:223,1
DA:225,0
DA:230,1
LF:104
LH:91
BRDA:47,0,0,2
BRDA:47,0,1,16
BRDA:47,1,0,18
BRDA:47,1,1,16
BRDA:70,2,0,1
BRDA:70,2,1,10
BRDA:101,3,0,1
BRDA:101,3,1,3
BRDA:119,4,0,0
BRDA:119,4,1,6
BRDA:135,5,0,1
BRDA:135,5,1,1
BRDA:164,6,0,1
BRDA:164,6,1,2
BRDA:186,7,0,2
BRDA:186,7,1,2
BRDA:186,8,0,4
BRDA:186,8,1,3
BRDA:198,9,0,7
BRDA:198,9,1,0
BRDA:216,10,0,1
BRDA:216,10,1,1
BRF:22
BRH:20
end_of_record
TN:
SF:api\data\models\Report.js
FNF:0
FNH:0
DA:1,1
DA:2,1
DA:4,1
DA:12,1
LF:4
LH:4
BRF:0
BRH:0
end_of_record
TN:
SF:api\data\models\Session.js
FNF:0
FNH:0
DA:1,1
DA:2,1
DA:4,1
DA:9,1
LF:4
LH:4
BRF:0
BRH:0
end_of_record
TN:
SF:api\data\models\User.js
FNF:0
FNH:0
DA:1,1
DA:2,1
DA:4,1
DA:13,1
LF:4
LH:4
BRF:0
BRH:0
end_of_record
TN:
SF:api\data\models\Utterance.js
FNF:0
FNH:0
DA:1,1
DA:2,1
DA:4,1
DA:11,1
LF:4
LH:4
BRF:0
BRH:0
end_of_record
TN:
SF:recognitionModels\transcription.js
FN:15,(anonymous_0)
FN:126,(anonymous_1)
FN:150,(anonymous_2)
FNF:3
FNH:0
FNDA:0,(anonymous_0)
FNDA:0,(anonymous_1)
FNDA:0,(anonymous_2)
DA:1,1
DA:2,1
DA:4,1
DA:6,1
DA:8,1
DA:15,1
DA:20,0
DA:126,0
DA:127,0
DA:128,0
DA:131,0
DA:133,0
DA:143,0
DA:147,0
DA:150,0
DA:151,0
DA:155,1
LF:17
LH:7
BRDA:127,0,0,0
BRDA:127,0,1,0
BRF:2
BRH:0
end_of_record
TN:
SF:websocket\WebSocketRoutes.js
FN:17,(anonymous_0)
FN:19,(anonymous_1)
FN:56,(anonymous_2)
FN:62,(anonymous_3)
FN:70,(anonymous_4)
FN:77,(anonymous_5)
FN:85,(anonymous_6)
FN:92,(anonymous_7)
FN:115,(anonymous_8)
FN:117,(anonymous_9)
FN:139,(anonymous_10)
FN:141,(anonymous_11)
FN:160,(anonymous_12)
FN:163,(anonymous_13)
FN:170,(anonymous_14)
FN:184,(anonymous_15)
FN:191,(anonymous_16)
FN:198,(anonymous_17)
FN:223,(anonymous_18)
FN:231,sendPacket
FN:235,pair
FNF:21
FNH:0
FNDA:0,(anonymous_0)
FNDA:0,(anonymous_1)
FNDA:0,(anonymous_2)
FNDA:0,(anonymous_3)
FNDA:0,(anonymous_4)
FNDA:0,(anonymous_5)
FNDA:0,(anonymous_6)
FNDA:0,(anonymous_7)
FNDA:0,(anonymous_8)
FNDA:0,(anonymous_9)
FNDA:0,(anonymous_10)
FNDA:0,(anonymous_11)
FNDA:0,(anonymous_12)
FNDA:0,(anonymous_13)
FNDA:0,(anonymous_14)
FNDA:0,(anonymous_15)
FNDA:0,(anonymous_16)
FNDA:0,(anonymous_17)
FNDA:0,(anonymous_18)
FNDA:0,sendPacket
FNDA:0,pair
DA:1,1
DA:2,1
DA:3,1
DA:5,1
DA:6,1
DA:7,1
DA:8,1
DA:9,1
DA:10,1
DA:11,1
DA:12,1
DA:17,1
DA:18,0
DA:19,0
DA:20,0
DA:21,0
DA:23,0
DA:24,0
DA:26,0
DA:27,0
DA:28,0
DA:29,0
DA:30,0
DA:32,0
DA:33,0
DA:35,0
DA:36,0
DA:37,0
DA:38,0
DA:39,0
DA:40,0
DA:41,0
DA:43,0
DA:44,0
DA:45,0
DA:46,0
DA:48,0
DA:50,0
DA:51,0
DA:53,0
DA:55,0
DA:56,0
DA:57,0
DA:61,0
DA:62,0
DA:63,0
DA:67,0
DA:68,0
DA:69,0
DA:70,0
DA:71,0
DA:76,0
DA:77,0
DA:78,0
DA:81,0
DA:83,0
DA:84,0
DA:85,0
DA:86,0
DA:88,0
DA:90,0
DA:91,0
DA:92,0
DA:93,0
DA:96,0
DA:97,0
DA:99,0
DA:100,0
DA:101,0
DA:102,0
DA:104,0
DA:105,0
DA:107,0
DA:108,0
DA:110,0
DA:115,1
DA:116,0
DA:117,0
DA:118,0
DA:119,0
DA:121,0
DA:122,0
DA:124,0
DA:125,0
DA:126,0
DA:127,0
DA:128,0
DA:131,0
DA:132,0
DA:134,0
DA:135,0
DA:136,0
DA:137,0
DA:139,0
DA:140,0
DA:141,0
DA:142,0
DA:148,0
DA:150,0
DA:152,0
DA:154,0
DA:155,0
DA:159,0
DA:160,0
DA:161,0
DA:162,0
DA:163,0
DA:164,0
DA:168,0
DA:169,0
DA:170,0
DA:171,0
DA:177,0
DA:180,0
DA:183,0
DA:184,0
DA:185,0
DA:189,0
DA:190,0
DA:191,0
DA:192,0
DA:196,0
DA:197,0
DA:198,0
DA:199,0
DA:202,0
DA:204,0
DA:205,0
DA:207,0
DA:208,0
DA:209,0
DA:211,0
DA:212,0
DA:214,0
DA:215,0
DA:216,0
DA:218,0
DA:223,0
DA:225,0
DA:232,0
DA:236,0
DA:237,0
DA:238,0
DA:239,0
DA:240,0
DA:241,0
DA:242,0
DA:243,0
DA:244,0
DA:245,0
DA:247,0
DA:248,0
DA:249,0
DA:251,0
DA:254,1
LF:155
LH:14
BRDA:21,0,0,0
BRDA:21,0,1,0
BRDA:21,0,2,0
BRDA:21,0,3,0
BRDA:21,0,4,0
BRDA:21,0,5,0
BRDA:27,1,0,0
BRDA:27,1,1,0
BRDA:29,2,0,0
BRDA:29,2,1,0
BRDA:32,3,0,0
BRDA:32,3,1,0
BRDA:36,4,0,0
BRDA:36,4,1,0
BRDA:36,5,0,0
BRDA:36,5,1,0
BRDA:39,6,0,0
BRDA:39,6,1,0
BRDA:43,7,0,0
BRDA:43,7,1,0
BRDA:43,8,0,0
BRDA:43,8,1,0
BRDA:55,9,0,0
BRDA:55,9,1,0
BRDA:61,10,0,0
BRDA:61,10,1,0
BRDA:69,11,0,0
BRDA:69,11,1,0
BRDA:76,12,0,0
BRDA:76,12,1,0
BRDA:96,13,0,0
BRDA:96,13,1,0
BRDA:104,14,0,0
BRDA:104,14,1,0
BRDA:119,15,0,0
BRDA:119,15,1,0
BRDA:119,15,2,0
BRDA:119,15,3,0
BRDA:119,15,4,0
BRDA:119,15,5,0
BRDA:127,16,0,0
BRDA:127,16,1,0
BRDA:131,17,0,0
BRDA:131,17,1,0
BRDA:140,18,0,0
BRDA:140,18,1,0
BRDA:140,19,0,0
BRDA:140,19,1,0
BRDA:154,20,0,0
BRDA:154,20,1,0
BRDA:159,21,0,0
BRDA:159,21,1,0
BRDA:162,22,0,0
BRDA:162,22,1,0
BRDA:169,23,0,0
BRDA:169,23,1,0
BRDA:183,24,0,0
BRDA:183,24,1,0
BRDA:190,25,0,0
BRDA:190,25,1,0
BRDA:197,26,0,0
BRDA:197,26,1,0
BRDA:208,27,0,0
BRDA:208,27,1,0
BRDA:211,28,0,0
BRDA:211,28,1,0
BRDA:215,29,0,0
BRDA:215,29,1,0
BRDA:238,30,0,0
BRDA:238,30,1,0
BRDA:238,31,0,0
BRDA:238,31,1,0
BRDA:242,32,0,0
BRDA:242,32,1,0
BRDA:242,33,0,0
BRDA:242,33,1,0
BRF:76
BRH:0
end_of_record
